2024-07-02 20:06:32.418 [info] (Client) Pylance async client (2024.6.1) started with python extension (2024.8.1)
2024-07-02 20:06:33.710 [info] [Info  - 20:06:33] (15351) Pylance language server 2024.6.1 (pyright version 1.1.364, commit 0618acc5) starting
2024-07-02 20:06:33.711 [info] [Info  - 20:06:33] (15351) Server root directory: file:///root/.vscode/extensions/ms-python.vscode-pylance-2024.6.1/dist
2024-07-02 20:06:33.716 [info] [Info  - 20:06:33] (15351) Starting service instance "programacion"
2024-07-02 20:06:33.789 [info] Auto-Indent enabled
2024-07-02 20:06:33.843 [info] Auto-Indent enabled
2024-07-02 20:06:33.847 [info] [Info  - 20:06:33] (15351) Setting pythonPath for service "programacion": "/bin/python3"
2024-07-02 20:06:33.850 [info] [Info  - 20:06:33] (15351) Setting environmentName for service "programacion": "3.9.2 (global)"
2024-07-02 20:06:34.022 [info] [Info  - 20:06:34] (15351) Assuming Python version 3.9.2.final.0
2024-07-02 20:06:34.762 [info] [Info  - 20:06:34] (15351) Found 32 source files
2024-07-02 20:06:34.780 [info] Auto-Indent enabled
2024-07-02 20:06:35.924 [info] [Info  - 20:06:35] (15351) Background analysis(1) root directory: file:///root/.vscode/extensions/ms-python.vscode-pylance-2024.6.1/dist
2024-07-02 20:06:35.925 [info] [Info  - 20:06:35] (15351) Background analysis(1) started
2024-07-02 20:06:37.120 [info] [Info  - 20:06:37] (15351) Indexer background runner(2) root directory: file:///root/.vscode/extensions/ms-python.vscode-pylance-2024.6.1/dist (index)
2024-07-02 20:06:37.122 [info] [Info  - 20:06:37] (15351) Indexing(2) started
2024-07-02 20:06:38.898 [info] [Info  - 20:06:38] (15351) scanned(2) 87 files over 1 exec env
2024-07-02 20:06:40.045 [info] [Info  - 20:06:40] (15351) indexed(2) 51 files over 1 exec env
2024-07-02 20:06:40.112 [info] [Info  - 20:06:40] (15351) Indexing finished(2).
2024-07-02 20:12:14.833 [info] [Info  - 20:12:14] (15351) Indexer background runner(3) root directory: file:///root/.vscode/extensions/ms-python.vscode-pylance-2024.6.1/dist (refresh)
2024-07-02 20:12:14.834 [info] [Info  - 20:12:14] (15351) Indexing(3) started
2024-07-02 20:12:15.416 [info] [Info  - 20:12:15] (15351) scanned(3) 89 files over 1 exec env
2024-07-02 20:12:16.084 [info] [Info  - 20:12:16] (15351) indexed(3) 53 files over 1 exec env
2024-07-02 20:12:16.133 [info] [Info  - 20:12:16] (15351) Indexing finished(3).
2024-07-02 21:30:05.383 [info] [Info  - 21:30:05] (15351) Found 33 source files
2024-07-02 22:07:32.903 [info] [Info  - 22:07:32] (15351) Indexer background runner(4) root directory: file:///root/.vscode/extensions/ms-python.vscode-pylance-2024.6.1/dist (refresh)
2024-07-02 22:07:32.904 [info] [Info  - 22:07:32] (15351) Indexing(4) started
2024-07-02 22:07:33.750 [info] [Info  - 22:07:33] (15351) scanned(4) 115 files over 1 exec env
2024-07-02 22:07:34.955 [info] [Info  - 22:07:34] (15351) indexed(4) 79 files over 1 exec env
2024-07-02 22:07:34.986 [info] [Info  - 22:07:34] (15351) Indexing finished(4).
