2024-06-30 17:10:16.284 [info] update#setState idle
2024-06-30 17:10:24.453 [error] update#isLatestVersion(): failed to check for updates
2024-06-30 17:10:24.454 [error] Error: net::ERR_NAME_NOT_RESOLVED
    at SimpleURLLoaderWrapper.<anonymous> (node:electron/js2c/browser_init:2:109791)
    at SimpleURLLoaderWrapper.emit (node:events:514:28)
2024-06-30 17:10:35.336 [error] update#isLatestVersion(): failed to check for updates
2024-06-30 17:10:35.337 [error] Error: net::ERR_NAME_NOT_RESOLVED
    at SimpleURLLoaderWrapper.<anonymous> (node:electron/js2c/browser_init:2:109791)
    at SimpleURLLoaderWrapper.emit (node:events:514:28)
2024-06-30 17:10:46.307 [info] update#setState checking for updates
2024-06-30 17:10:46.317 [error] Error: net::ERR_NAME_NOT_RESOLVED
    at SimpleURLLoaderWrapper.<anonymous> (node:electron/js2c/browser_init:2:109791)
    at SimpleURLLoaderWrapper.emit (node:events:514:28)
2024-06-30 17:10:46.318 [info] update#setState idle
2024-06-30 18:10:46.312 [info] update#setState checking for updates
2024-06-30 18:10:47.969 [error] Error: net::ERR_NAME_NOT_RESOLVED
    at SimpleURLLoaderWrapper.<anonymous> (node:electron/js2c/browser_init:2:109791)
    at SimpleURLLoaderWrapper.emit (node:events:514:28)
2024-06-30 18:10:47.974 [info] update#setState idle
2024-06-30 18:12:27.891 [info] Extension host with pid 3822 exited with code: 0, signal: unknown.
