2024-06-21 13:31:13.787 [info] (Client) Pylance async client (2024.6.1) started with python extension (2024.8.1)
2024-06-21 13:31:16.852 [info] [Info  - 13:31:16] (1777) Pylance language server 2024.6.1 (pyright version 1.1.364, commit 0618acc5) starting
2024-06-21 13:31:16.853 [info] [Info  - 13:31:16] (1777) Server root directory: file:///root/.vscode/extensions/ms-python.vscode-pylance-2024.6.1/dist
2024-06-21 13:31:16.853 [info] [Info  - 13:31:16] (1777) Starting service instance "programacion"
2024-06-21 13:31:16.926 [info] Auto-Indent enabled
2024-06-21 13:31:16.987 [info] Auto-Indent enabled
2024-06-21 13:31:17.004 [info] [Info  - 13:31:17] (1777) Setting pythonPath for service "programacion": "/bin/python3"
2024-06-21 13:31:17.004 [info] [Info  - 13:31:17] (1777) Setting environmentName for service "programacion": "3.9.2 (global)"
2024-06-21 13:31:17.120 [info] [Info  - 13:31:17] (1777) Assuming Python version 3.9.2.final.0
2024-06-21 13:31:18.052 [info] [Info  - 13:31:18] (1777) Found 25 source files
2024-06-21 13:31:18.065 [info] Auto-Indent enabled
2024-06-21 13:31:20.133 [info] [Info  - 13:31:20] (1777) Background analysis(1) root directory: file:///root/.vscode/extensions/ms-python.vscode-pylance-2024.6.1/dist
2024-06-21 13:31:20.140 [info] [Info  - 13:31:20] (1777) Background analysis(1) started
2024-06-21 13:31:21.848 [info] [Info  - 13:31:21] (1777) Indexer background runner(2) root directory: file:///root/.vscode/extensions/ms-python.vscode-pylance-2024.6.1/dist (index)
2024-06-21 13:31:21.852 [info] [Info  - 13:31:21] (1777) Indexing(2) started
2024-06-21 13:31:24.709 [info] [Info  - 13:31:24] (1777) [BG(1)] Long operation: checking: file:///root/proyecto-ps/programacion/contenedor/app/programacion/views.py (2598ms)
2024-06-21 13:31:24.709 [info] [Info  - 13:31:24] (1777) [BG(1)] Long operation: analyzing: file:///root/proyecto-ps/programacion/contenedor/app/programacion/views.py (3915ms)
2024-06-21 13:31:25.138 [info] [Info  - 13:31:25] (1777) [IDX(2)] Long operation: scan packages file:///root/proyecto-ps/programacion/contenedor/app/programacion (3049ms)
2024-06-21 13:31:25.139 [info] [Info  - 13:31:25] (1777) scanned(2) 83 files over 1 exec env
2024-06-21 13:31:26.490 [info] [Info  - 13:31:26] (1777) indexed(2) 47 files over 1 exec env
2024-06-21 13:31:26.664 [info] [Info  - 13:31:26] (1777) Indexing finished(2).
