2024-07-02 20:06:31.810 [info] Log level: Info
2024-07-02 20:06:31.810 [info] Validating found git in: "git"
2024-07-02 20:06:31.810 [info] Using git "2.30.2" from "git"
2024-07-02 20:06:31.810 [info] > git rev-parse --show-toplevel [45ms]
2024-07-02 20:06:31.810 [info] fatal: not a git repository (or any of the parent directories): .git
2024-07-02 20:06:31.810 [info] > git rev-parse --show-toplevel [27ms]
2024-07-02 20:06:31.810 [info] fatal: not a git repository (or any of the parent directories): .git
2024-07-02 20:06:31.813 [info] > git rev-parse --show-toplevel [4ms]
2024-07-02 20:06:31.813 [info] fatal: not a git repository (or any of the parent directories): .git
2024-07-02 20:06:31.827 [info] > git rev-parse --show-toplevel [6ms]
2024-07-02 20:06:31.827 [info] fatal: not a git repository (or any of the parent directories): .git
2024-07-02 20:06:31.838 [info] > git rev-parse --show-toplevel [6ms]
2024-07-02 20:06:31.839 [info] fatal: not a git repository (or any of the parent directories): .git
2024-07-02 20:06:31.853 [info] > git rev-parse --show-toplevel [8ms]
2024-07-02 20:06:31.853 [info] fatal: not a git repository (or any of the parent directories): .git
2024-07-02 20:06:31.866 [info] > git rev-parse --show-toplevel [5ms]
2024-07-02 20:06:31.866 [info] fatal: not a git repository (or any of the parent directories): .git
2024-07-02 20:06:31.891 [info] > git rev-parse --show-toplevel [9ms]
2024-07-02 20:06:31.891 [info] fatal: not a git repository (or any of the parent directories): .git
2024-07-02 20:06:31.906 [info] > git rev-parse --show-toplevel [5ms]
2024-07-02 20:06:31.906 [info] fatal: not a git repository (or any of the parent directories): .git
2024-07-02 20:06:33.262 [info] > git rev-parse --show-toplevel [2ms]
2024-07-02 20:06:33.262 [info] fatal: not a git repository (or any of the parent directories): .git
2024-07-02 20:06:33.631 [info] > git rev-parse --show-toplevel [21ms]
2024-07-02 20:06:33.631 [info] fatal: not a git repository (or any of the parent directories): .git
2024-07-02 20:06:35.545 [info] > git rev-parse --show-toplevel [35ms]
2024-07-02 20:06:35.545 [info] fatal: not a git repository (or any of the parent directories): .git
2024-07-02 20:14:15.533 [info] > git rev-parse --show-toplevel [11ms]
2024-07-02 20:14:15.533 [info] fatal: not a git repository (or any of the parent directories): .git
2024-07-02 21:12:40.837 [info] > git rev-parse --show-toplevel [18ms]
2024-07-02 21:12:40.838 [info] fatal: not a git repository (or any of the parent directories): .git
2024-07-02 21:29:46.765 [info] > git rev-parse --show-toplevel [4ms]
2024-07-02 21:29:46.765 [info] fatal: not a git repository (or any of the parent directories): .git
2024-07-02 21:30:04.770 [info] > git rev-parse --show-toplevel [8ms]
2024-07-02 21:30:04.770 [info] fatal: not a git repository (or any of the parent directories): .git
2024-07-02 21:41:33.070 [info] > git rev-parse --show-toplevel [2ms]
2024-07-02 21:41:33.071 [info] fatal: not a git repository (or any of the parent directories): .git
2024-07-02 21:53:28.834 [info] > git rev-parse --show-toplevel [4ms]
2024-07-02 21:53:28.835 [info] fatal: not a git repository (or any of the parent directories): .git
2024-07-02 21:59:03.145 [info] > git rev-parse --show-toplevel [8ms]
2024-07-02 21:59:03.145 [info] fatal: not a git repository (or any of the parent directories): .git
2024-07-02 21:59:22.710 [info] > git rev-parse --show-toplevel [7ms]
2024-07-02 21:59:22.710 [info] fatal: not a git repository (or any of the parent directories): .git
2024-07-02 22:03:49.237 [info] > git rev-parse --show-toplevel [7ms]
2024-07-02 22:03:49.237 [info] fatal: not a git repository (or any of the parent directories): .git
2024-07-02 22:14:01.949 [info] > git rev-parse --show-toplevel [5ms]
2024-07-02 22:14:01.949 [info] fatal: not a git repository (or any of the parent directories): .git
2024-07-02 22:20:34.196 [info] > git rev-parse --show-toplevel [5ms]
2024-07-02 22:20:34.196 [info] fatal: not a git repository (or any of the parent directories): .git
