2024-06-22 11:21:00.883 [info] (Client) Pylance async client (2024.6.1) started with python extension (2024.8.1)
2024-06-22 11:21:03.430 [info] [Info  - 11:21:03] (1757) Pylance language server 2024.6.1 (pyright version 1.1.364, commit 0618acc5) starting
2024-06-22 11:21:03.455 [info] [Info  - 11:21:03] (1757) Server root directory: file:///root/.vscode/extensions/ms-python.vscode-pylance-2024.6.1/dist
2024-06-22 11:21:03.456 [info] [Info  - 11:21:03] (1757) Starting service instance "programacion"
2024-06-22 11:21:03.614 [info] Auto-Indent enabled
2024-06-22 11:21:03.673 [info] Auto-Indent enabled
2024-06-22 11:21:03.676 [info] [Info  - 11:21:03] (1757) Setting pythonPath for service "programacion": "/bin/python3"
2024-06-22 11:21:03.678 [info] [Info  - 11:21:03] (1757) Setting environmentName for service "programacion": "3.9.2 (global)"
2024-06-22 11:21:03.778 [info] [Info  - 11:21:03] (1757) Assuming Python version 3.9.2.final.0
2024-06-22 11:21:04.720 [info] [Info  - 11:21:04] (1757) Found 27 source files
2024-06-22 11:21:04.732 [info] Auto-Indent enabled
2024-06-22 11:21:06.717 [info] [Info  - 11:21:06] (1757) Background analysis(1) root directory: file:///root/.vscode/extensions/ms-python.vscode-pylance-2024.6.1/dist
2024-06-22 11:21:06.728 [info] [Info  - 11:21:06] (1757) Background analysis(1) started
2024-06-22 11:21:08.292 [info] [Info  - 11:21:08] (1757) Indexer background runner(2) root directory: file:///root/.vscode/extensions/ms-python.vscode-pylance-2024.6.1/dist (index)
2024-06-22 11:21:08.293 [info] [Info  - 11:21:08] (1757) Indexing(2) started
2024-06-22 11:21:11.477 [info] [Info  - 11:21:11] (1757) [IDX(2)] Long operation: scan packages file:///root/proyecto-ps/programacion/contenedor/app/programacion (2921ms)
2024-06-22 11:21:11.478 [info] [Info  - 11:21:11] (1757) scanned(2) 83 files over 1 exec env
2024-06-22 11:21:11.844 [info] [Info  - 11:21:11] (1757) [BG(1)] Long operation: checking: file:///root/proyecto-ps/programacion/contenedor/app/programacion/views.py (3790ms)
2024-06-22 11:21:11.847 [info] [Info  - 11:21:11] (1757) [BG(1)] Long operation: analyzing: file:///root/proyecto-ps/programacion/contenedor/app/programacion/views.py (4610ms)
2024-06-22 11:21:12.744 [info] [Info  - 11:21:12] (1757) indexed(2) 47 files over 1 exec env
2024-06-22 11:21:12.859 [info] [Info  - 11:21:12] (1757) Indexing finished(2).
