2024-06-22 15:27:10.370 [info] Experiment 'pythonCreateEnvOnPipInstall' is active
2024-06-22 15:27:10.370 [info] Experiment 'pythonRecommendTensorboardExt' is active
2024-06-22 15:27:10.370 [info] Experiment 'pythonTerminalEnvVarActivation' is active
2024-06-22 15:27:10.370 [info] Experiment 'pythonTestAdapter' is active
2024-06-22 15:27:10.370 [info] Default formatter is set to null for workspace /root/proyecto-ps/programacion/contenedor/app/programacion
2024-06-22 15:27:10.370 [info] Python interpreter path: /bin/python3
2024-06-22 15:27:10.401 [info] > pyenv which python
2024-06-22 15:27:10.401 [info] cwd: .
2024-06-22 15:27:13.897 [info] Starting Pylance language server.
2024-06-22 15:40:22.033 [info] Discover tests for workspace name: programacion - uri: /root/proyecto-ps/programacion/contenedor/app/programacion/admin.py
2024-06-22 15:50:43.194 [info] Discover tests for workspace name: programacion - uri: /root/proyecto-ps/programacion/contenedor/app/programacion/mensaje.py
2024-06-22 15:53:02.337 [info] Discover tests for workspace name: programacion - uri: /root/proyecto-ps/programacion/contenedor/app/programacion/telegram.py
2024-06-22 15:54:08.721 [info] Discover tests for workspace name: programacion - uri: /root/proyecto-ps/programacion/contenedor/app/programacion/telegram.py
2024-06-22 15:54:22.385 [info] Discover tests for workspace name: programacion - uri: /root/proyecto-ps/programacion/contenedor/app/programacion/telegram.py
2024-06-22 16:02:00.070 [info] Discover tests for workspace name: programacion - uri: /root/proyecto-ps/programacion/contenedor/app/programacion/mensaje.py
2024-06-22 16:02:03.727 [info] Discover tests for workspace name: programacion - uri: /root/proyecto-ps/programacion/contenedor/app/programacion/mensaje.py
2024-06-22 16:16:05.195 [info] Discover tests for workspace name: programacion - uri: /root/proyecto-ps/programacion/contenedor/app/programacion/views.py
2024-06-22 17:39:14.718 [info] Discover tests for workspace name: programacion - uri: /root/proyecto-ps/programacion/contenedor/app/programacion/views.py
2024-06-22 17:49:46.867 [info] Discover tests for workspace name: programacion - uri: /root/proyecto-ps/programacion/contenedor/app/programacion/middleware.py
2024-06-22 17:50:24.386 [info] Discover tests for workspace name: programacion - uri: /root/proyecto-ps/programacion/contenedor/app/programacion/middleware.py
2024-06-22 17:50:46.035 [info] Discover tests for workspace name: programacion - uri: /root/proyecto-ps/programacion/contenedor/app/programacion/middleware.py
2024-06-22 17:52:30.984 [info] Discover tests for workspace name: programacion - uri: /root/proyecto-ps/programacion/contenedor/app/programacion/middleware.py
2024-06-22 17:53:17.175 [info] Discover tests for workspace name: programacion - uri: /root/proyecto-ps/programacion/contenedor/app/programacion/middleware.py
2024-06-22 17:59:38.167 [info] Discover tests for workspace name: programacion - uri: /root/proyecto-ps/programacion/contenedor/app/programacion/views.py
2024-06-22 18:02:32.368 [info] Discover tests for workspace name: programacion - uri: /root/proyecto-ps/programacion/contenedor/app/programacion/views.py
2024-06-22 18:02:38.503 [info] Discover tests for workspace name: programacion - uri: /root/proyecto-ps/programacion/contenedor/app/programacion/views.py
2024-06-22 18:02:39.690 [info] Discover tests for workspace name: programacion - uri: /root/proyecto-ps/programacion/contenedor/app/programacion/views.py
2024-06-22 18:16:33.632 [info] Discover tests for workspace name: programacion - uri: /root/proyecto-ps/programacion/contenedor/app/programacion/forms.py
2024-06-22 21:28:54.800 [info] Discover tests for workspace name: programacion - uri: /root/proyecto-ps/programacion/contenedor/app/programacion/forms.py
