2024-06-30 01:14:12.929 [info] (Client) Pylance async client (2024.6.1) started with python extension (2024.8.1)
2024-06-30 01:14:15.782 [info] [Info  - 01:14:15] (3543) Pylance language server 2024.6.1 (pyright version 1.1.364, commit 0618acc5) starting
2024-06-30 01:14:15.783 [info] [Info  - 01:14:15] (3543) Server root directory: file:///root/.vscode/extensions/ms-python.vscode-pylance-2024.6.1/dist
2024-06-30 01:14:15.784 [info] [Info  - 01:14:15] (3543) Starting service instance "programacion"
2024-06-30 01:14:15.942 [info] Auto-Indent enabled
2024-06-30 01:14:16.000 [info] Auto-Indent enabled
2024-06-30 01:14:16.006 [info] [Info  - 01:14:16] (3543) Setting pythonPath for service "programacion": "/bin/python3"
2024-06-30 01:14:16.007 [info] [Info  - 01:14:16] (3543) Setting environmentName for service "programacion": "3.9.2 (global)"
2024-06-30 01:14:16.090 [info] [Info  - 01:14:16] (3543) Assuming Python version 3.9.2.final.0
2024-06-30 01:14:16.810 [info] [Info  - 01:14:16] (3543) Found 31 source files
2024-06-30 01:14:16.824 [info] Auto-Indent enabled
2024-06-30 01:14:18.297 [info] [Info  - 01:14:18] (3543) Background analysis(1) root directory: file:///root/.vscode/extensions/ms-python.vscode-pylance-2024.6.1/dist
2024-06-30 01:14:18.328 [info] [Info  - 01:14:18] (3543) Background analysis(1) started
2024-06-30 01:14:19.907 [info] [Info  - 01:14:19] (3543) Indexer background runner(2) root directory: file:///root/.vscode/extensions/ms-python.vscode-pylance-2024.6.1/dist (index)
2024-06-30 01:14:19.908 [info] [Info  - 01:14:19] (3543) Indexing(2) started
2024-06-30 01:14:22.287 [info] [Info  - 01:14:22] (3543) [IDX(2)] Long operation: scan packages file:///root/proyecto-ps/programacion/contenedor/app/programacion (2072ms)
2024-06-30 01:14:22.287 [info] [Info  - 01:14:22] (3543) scanned(2) 83 files over 1 exec env
2024-06-30 01:14:23.111 [info] [Info  - 01:14:23] (3543) indexed(2) 47 files over 1 exec env
2024-06-30 01:14:23.209 [info] [Info  - 01:14:23] (3543) Indexing finished(2).
2024-06-30 01:16:41.583 [info] [Info  - 01:16:41] (3543) [BG(1)] Long operation: checking: file:///root/proyecto-ps/programacion/contenedor/app/programacion/views.py (3077ms)
2024-06-30 01:16:41.588 [info] [Info  - 01:16:41] (3543) [BG(1)] Long operation: analyzing: file:///root/proyecto-ps/programacion/contenedor/app/programacion/views.py (3158ms)
2024-06-30 02:25:08.542 [info] [Info  - 02:25:08] (3543) Indexer background runner(3) root directory: file:///root/.vscode/extensions/ms-python.vscode-pylance-2024.6.1/dist (refresh)
2024-06-30 02:25:08.543 [info] [Info  - 02:25:08] (3543) Indexing(3) started
2024-06-30 02:25:09.297 [info] [Info  - 02:25:09] (3543) scanned(3) 87 files over 1 exec env
2024-06-30 02:25:10.523 [info] [Info  - 02:25:10] (3543) indexed(3) 51 files over 1 exec env
2024-06-30 02:25:10.556 [info] [Info  - 02:25:10] (3543) Indexing finished(3).
