2024-06-23 01:04:18.899 [info] (Client) Pylance async client (2024.6.1) started with python extension (2024.8.1)
2024-06-23 01:04:21.566 [info] [Info  - 01:04:21] (1801) Pylance language server 2024.6.1 (pyright version 1.1.364, commit 0618acc5) starting
2024-06-23 01:04:21.598 [info] [Info  - 01:04:21] (1801) Server root directory: file:///root/.vscode/extensions/ms-python.vscode-pylance-2024.6.1/dist
2024-06-23 01:04:21.599 [info] [Info  - 01:04:21] (1801) Starting service instance "programacion"
2024-06-23 01:04:21.716 [info] Auto-Indent enabled
2024-06-23 01:04:21.769 [info] Auto-Indent enabled
2024-06-23 01:04:21.784 [info] [Info  - 01:04:21] (1801) Setting pythonPath for service "programacion": "/bin/python3"
2024-06-23 01:04:21.784 [info] [Info  - 01:04:21] (1801) Setting environmentName for service "programacion": "3.9.2 (global)"
2024-06-23 01:04:21.887 [info] [Info  - 01:04:21] (1801) Assuming Python version 3.9.2.final.0
2024-06-23 01:04:22.856 [info] [Info  - 01:04:22] (1801) Found 27 source files
2024-06-23 01:04:22.868 [info] Auto-Indent enabled
2024-06-23 01:04:25.162 [info] [Info  - 01:04:25] (1801) Background analysis(1) root directory: file:///root/.vscode/extensions/ms-python.vscode-pylance-2024.6.1/dist
2024-06-23 01:04:25.171 [info] [Info  - 01:04:25] (1801) Background analysis(1) started
2024-06-23 01:04:26.767 [info] [Info  - 01:04:26] (1801) Indexer background runner(2) root directory: file:///root/.vscode/extensions/ms-python.vscode-pylance-2024.6.1/dist (index)
2024-06-23 01:04:26.768 [info] [Info  - 01:04:26] (1801) Indexing(2) started
2024-06-23 01:04:29.420 [info] [Info  - 01:04:29] (1801) [BG(1)] Long operation: checking: file:///root/proyecto-ps/programacion/contenedor/app/programacion/forms.py (2844ms)
2024-06-23 01:04:29.421 [info] [Info  - 01:04:29] (1801) [BG(1)] Long operation: analyzing: file:///root/proyecto-ps/programacion/contenedor/app/programacion/forms.py (3732ms)
2024-06-23 01:04:30.508 [info] [Info  - 01:04:30] (1801) [IDX(2)] Long operation: scan packages file:///root/proyecto-ps/programacion/contenedor/app/programacion (3520ms)
2024-06-23 01:04:30.509 [info] [Info  - 01:04:30] (1801) scanned(2) 83 files over 1 exec env
2024-06-23 01:04:32.029 [info] [Info  - 01:04:32] (1801) indexed(2) 47 files over 1 exec env
2024-06-23 01:04:32.528 [info] [Info  - 01:04:32] (1801) Indexing finished(2).
