2024-06-25 19:24:22.907 [info] Experiment 'pythonCreateEnvOnPipInstall' is active
2024-06-25 19:24:22.907 [info] Experiment 'pythonRecommendTensorboardExt' is active
2024-06-25 19:24:22.907 [info] Experiment 'pythonTerminalEnvVarActivation' is active
2024-06-25 19:24:22.907 [info] Experiment 'pythonTestAdapter' is active
2024-06-25 19:24:23.168 [info] Default formatter is set to null for workspace /root/proyecto-ps/programacion/contenedor/app/programacion
2024-06-25 19:24:23.316 [info] Python interpreter path: /bin/python3
2024-06-25 19:24:26.246 [info] > pyenv which python
2024-06-25 19:24:26.246 [info] cwd: .
2024-06-25 19:24:30.037 [info] Starting Pylance language server.
2024-06-25 19:26:19.492 [info] Discover tests for workspace name: programacion - uri: /root/proyecto-ps/programacion/contenedor/app/programacion/telegram.py
2024-06-25 19:27:26.947 [info] Discover tests for workspace name: programacion - uri: /root/proyecto-ps/programacion/contenedor/app/programacion/telegram.py
2024-06-25 19:28:26.822 [info] Discover tests for workspace name: programacion - uri: /root/proyecto-ps/programacion/contenedor/app/programacion/telegram.py
2024-06-25 19:33:45.745 [info] Discover tests for workspace name: programacion - uri: /root/proyecto-ps/programacion/contenedor/app/programacion/scripts/scripts.py
2024-06-25 19:34:58.403 [info] Discover tests for workspace name: programacion - uri: /root/proyecto-ps/programacion/contenedor/app/programacion/views.py
2024-06-25 19:41:50.723 [info] Discover tests for workspace name: programacion - uri: /root/proyecto-ps/programacion/contenedor/app/programacion/views.py
2024-06-25 19:41:59.719 [info] Discover tests for workspace name: programacion - uri: /root/proyecto-ps/programacion/contenedor/app/programacion/views.py
2024-06-25 19:44:49.442 [info] Discover tests for workspace name: programacion - uri: /root/proyecto-ps/programacion/contenedor/app/programacion/views.py
2024-06-25 19:45:27.972 [info] Discover tests for workspace name: programacion - uri: /root/proyecto-ps/programacion/contenedor/app/programacion/views.py
2024-06-25 19:45:49.638 [info] Discover tests for workspace name: programacion - uri: /root/proyecto-ps/programacion/contenedor/app/programacion/forms.py
2024-06-25 20:04:18.114 [info] Discover tests for workspace name: programacion - uri: /root/proyecto-ps/programacion/contenedor/app/programacion/views.py
2024-06-25 20:12:48.425 [info] Discover tests for workspace name: programacion - uri: /root/proyecto-ps/programacion/contenedor/app/programacion/telegram.py
2024-06-25 20:20:47.442 [info] Discover tests for workspace name: programacion - uri: /root/proyecto-ps/programacion/contenedor/app/programacion/forms.py
2024-06-25 20:21:15.457 [info] Discover tests for workspace name: programacion - uri: /root/proyecto-ps/programacion/contenedor/app/programacion/views.py
2024-06-25 20:36:15.006 [info] Discover tests for workspace name: programacion - uri: /root/proyecto-ps/programacion/contenedor/app/programacion/scripts/scripts.py
2024-06-25 20:36:49.865 [info] Discover tests for workspace name: programacion - uri: /root/proyecto-ps/programacion/contenedor/app/programacion/scripts/scripts.py
2024-06-25 20:41:33.220 [info] Discover tests for workspace name: programacion - uri: /root/proyecto-ps/programacion/contenedor/app/programacion/scripts/scripts.py
2024-06-25 20:53:40.504 [info] Discover tests for workspace name: programacion - uri: /root/proyecto-ps/programacion/contenedor/app/programacion/views.py
2024-06-25 20:54:12.668 [info] Discover tests for workspace name: programacion - uri: /root/proyecto-ps/programacion/contenedor/app/programacion/views.py
2024-06-25 20:54:43.218 [info] Discover tests for workspace name: programacion - uri: /root/proyecto-ps/programacion/contenedor/app/programacion/scripts/scripts.py
2024-06-25 20:55:21.125 [info] Discover tests for workspace name: programacion - uri: /root/proyecto-ps/programacion/contenedor/app/programacion/scripts/scripts.py
2024-06-25 20:55:47.811 [info] Discover tests for workspace name: programacion - uri: /root/proyecto-ps/programacion/contenedor/app/programacion/scripts/scripts.py
2024-06-25 21:07:47.768 [info] Discover tests for workspace name: programacion - uri: /root/proyecto-ps/programacion/contenedor/app/programacion/views.py
2024-06-25 21:08:31.159 [info] Discover tests for workspace name: programacion - uri: /root/proyecto-ps/programacion/contenedor/app/programacion/views.py
2024-06-25 21:21:00.611 [info] Discover tests for workspace name: programacion - uri: /root/proyecto-ps/programacion/contenedor/app/programacion/forms.py
2024-06-25 21:21:21.113 [info] Discover tests for workspace name: programacion - uri: /root/proyecto-ps/programacion/contenedor/app/programacion/views.py
2024-06-25 21:21:22.015 [info] Discover tests for workspace name: programacion - uri: /root/proyecto-ps/programacion/contenedor/app/programacion/views.py
2024-06-25 21:23:55.923 [info] Discover tests for workspace name: programacion - uri: /root/proyecto-ps/programacion/contenedor/app/programacion/views.py
2024-06-25 21:23:56.858 [info] Discover tests for workspace name: programacion - uri: /root/proyecto-ps/programacion/contenedor/app/programacion/views.py
2024-06-25 21:23:57.204 [info] Discover tests for workspace name: programacion - uri: /root/proyecto-ps/programacion/contenedor/app/programacion/views.py
2024-06-25 21:25:28.039 [info] Discover tests for workspace name: programacion - uri: /root/proyecto-ps/programacion/contenedor/app/programacion/views.py
2024-06-25 21:27:47.339 [info] Discover tests for workspace name: programacion - uri: /root/proyecto-ps/programacion/contenedor/app/programacion/views.py
2024-06-25 22:17:44.504 [info] Discover tests for workspace name: programacion - uri: /root/proyecto-ps/programacion/contenedor/app/programacion/views.py
2024-06-25 22:17:45.342 [info] Discover tests for workspace name: programacion - uri: /root/proyecto-ps/programacion/contenedor/app/programacion/views.py
2024-06-25 22:21:45.339 [info] Discover tests for workspace name: programacion - uri: /root/proyecto-ps/programacion/contenedor/app/programacion/views.py
2024-06-25 22:22:11.355 [info] Discover tests for workspace name: programacion - uri: /root/proyecto-ps/programacion/contenedor/app/programacion/views.py
2024-06-25 22:49:24.343 [info] Discover tests for workspace name: programacion - uri: /root/proyecto-ps/programacion/contenedor/app/programacion/views.py
2024-06-25 22:49:40.986 [info] Discover tests for workspace name: programacion - uri: /root/proyecto-ps/programacion/contenedor/app/programacion/views.py
2024-06-25 22:50:15.711 [info] Discover tests for workspace name: programacion - uri: /root/proyecto-ps/programacion/contenedor/app/programacion/forms.py
2024-06-25 22:54:55.615 [info] Discover tests for workspace name: programacion - uri: /root/proyecto-ps/programacion/contenedor/app/programacion/views.py
2024-06-25 22:55:48.993 [info] Discover tests for workspace name: programacion - uri: /root/proyecto-ps/programacion/contenedor/app/programacion/views.py
2024-06-25 22:57:59.878 [info] Discover tests for workspace name: programacion - uri: /root/proyecto-ps/programacion/contenedor/app/programacion/scripts/scripts.py
2024-06-25 22:58:46.118 [info] Discover tests for workspace name: programacion - uri: /root/proyecto-ps/programacion/contenedor/app/programacion/views.py
2024-06-25 22:59:15.398 [info] Discover tests for workspace name: programacion - uri: /root/proyecto-ps/programacion/contenedor/app/programacion/views.py
2024-06-25 23:02:23.518 [info] Discover tests for workspace name: programacion - uri: /root/proyecto-ps/programacion/contenedor/app/programacion/views.py
2024-06-25 23:02:30.367 [info] Discover tests for workspace name: programacion - uri: /root/proyecto-ps/programacion/contenedor/app/programacion/views.py
2024-06-25 23:03:57.868 [info] Discover tests for workspace name: programacion - uri: /root/proyecto-ps/programacion/contenedor/app/programacion/scripts/scripts.py
2024-06-25 23:04:03.011 [info] Discover tests for workspace name: programacion - uri: /root/proyecto-ps/programacion/contenedor/app/programacion/scripts/scripts.py
2024-06-25 23:05:43.709 [info] Discover tests for workspace name: programacion - uri: /root/proyecto-ps/programacion/contenedor/app/programacion/scripts/scripts.py
2024-06-25 23:09:43.551 [info] Discover tests for workspace name: programacion - uri: /root/proyecto-ps/programacion/contenedor/app/programacion/views.py
2024-06-25 23:22:42.751 [info] Discover tests for workspace name: programacion - uri: /root/proyecto-ps/programacion/contenedor/app/programacion/views.py
2024-06-25 23:25:57.599 [info] Discover tests for workspace name: programacion - uri: /root/proyecto-ps/programacion/contenedor/app/programacion/scripts/scripts.py
2024-06-25 23:26:24.322 [info] Discover tests for workspace name: programacion - uri: /root/proyecto-ps/programacion/contenedor/app/programacion/scripts/scripts.py
2024-06-25 23:30:04.058 [info] Discover tests for workspace name: programacion - uri: /root/proyecto-ps/programacion/contenedor/app/programacion/views.py
2024-06-25 23:30:50.295 [info] Discover tests for workspace name: programacion - uri: /root/proyecto-ps/programacion/contenedor/app/programacion/scripts/scripts.py
2024-06-25 23:32:17.761 [info] Discover tests for workspace name: programacion - uri: /root/proyecto-ps/programacion/contenedor/app/programacion/scripts/scripts.py
2024-06-25 23:32:25.907 [info] Discover tests for workspace name: programacion - uri: /root/proyecto-ps/programacion/contenedor/app/programacion/scripts/scripts.py
2024-06-25 23:36:30.402 [info] Discover tests for workspace name: programacion - uri: /root/proyecto-ps/programacion/contenedor/app/programacion/views.py
2024-06-25 23:38:23.068 [info] Discover tests for workspace name: programacion - uri: /root/proyecto-ps/programacion/contenedor/app/programacion/scripts/scripts.py
2024-06-25 23:38:26.206 [info] Discover tests for workspace name: programacion - uri: /root/proyecto-ps/programacion/contenedor/app/programacion/scripts/scripts.py
2024-06-25 23:46:11.378 [info] Discover tests for workspace name: programacion - uri: /root/proyecto-ps/programacion/contenedor/app/programacion/views.py
2024-06-25 23:47:12.834 [info] Discover tests for workspace name: programacion - uri: /root/proyecto-ps/programacion/contenedor/app/programacion/views.py
2024-06-25 23:52:04.462 [info] Discover tests for workspace name: programacion - uri: /root/proyecto-ps/programacion/contenedor/app/programacion/scripts/scripts.py
2024-06-26 00:02:21.658 [info] Discover tests for workspace name: programacion - uri: /root/proyecto-ps/programacion/contenedor/app/programacion/views.py
2024-06-26 00:03:41.249 [info] Discover tests for workspace name: programacion - uri: /root/proyecto-ps/programacion/contenedor/app/programacion/views.py
2024-06-26 00:05:31.286 [info] Discover tests for workspace name: programacion - uri: /root/proyecto-ps/programacion/contenedor/app/programacion/scripts/scripts.py
2024-06-26 00:05:52.584 [info] Discover tests for workspace name: programacion - uri: /root/proyecto-ps/programacion/contenedor/app/programacion/scripts/scripts.py
2024-06-26 00:09:05.946 [info] Discover tests for workspace name: programacion - uri: /root/proyecto-ps/programacion/contenedor/app/programacion/views.py
2024-06-26 00:16:40.985 [info] Discover tests for workspace name: programacion - uri: /root/proyecto-ps/programacion/contenedor/app/programacion/views.py
2024-06-26 00:16:41.560 [info] Discover tests for workspace name: programacion - uri: /root/proyecto-ps/programacion/contenedor/app/programacion/views.py
2024-06-26 00:23:08.265 [info] Discover tests for workspace name: programacion - uri: /root/proyecto-ps/programacion/contenedor/app/programacion/scripts/scripts.py
2024-06-26 00:27:25.392 [info] Discover tests for workspace name: programacion - uri: /root/proyecto-ps/programacion/contenedor/app/programacion/scripts/scripts.py
2024-06-26 00:28:58.320 [info] Discover tests for workspace name: programacion - uri: /root/proyecto-ps/programacion/contenedor/app/programacion/scripts/scripts.py
2024-06-26 00:33:32.750 [info] Discover tests for workspace name: programacion - uri: /root/proyecto-ps/programacion/contenedor/app/programacion/scripts/scripts.py
2024-06-26 00:34:48.554 [info] Discover tests for workspace name: programacion - uri: /root/proyecto-ps/programacion/contenedor/app/programacion/views.py
2024-06-26 00:34:50.046 [info] Discover tests for workspace name: programacion - uri: /root/proyecto-ps/programacion/contenedor/app/programacion/views.py
2024-06-26 00:43:18.200 [info] Discover tests for workspace name: programacion - uri: /root/proyecto-ps/programacion/contenedor/app/programacion/scripts/scripts.py
2024-06-26 00:44:13.165 [info] Discover tests for workspace name: programacion - uri: /root/proyecto-ps/programacion/contenedor/app/programacion/views.py
2024-06-26 00:49:52.780 [info] Discover tests for workspace name: programacion - uri: /root/proyecto-ps/programacion/contenedor/app/programacion/views.py
2024-06-26 00:51:24.655 [info] Discover tests for workspace name: programacion - uri: /root/proyecto-ps/programacion/contenedor/app/programacion/scripts/scripts.py
2024-06-26 00:52:50.177 [info] Discover tests for workspace name: programacion - uri: /root/proyecto-ps/programacion/contenedor/app/programacion/scripts/scripts.py
2024-06-26 00:53:03.484 [info] Discover tests for workspace name: programacion - uri: /root/proyecto-ps/programacion/contenedor/app/programacion/views.py
2024-06-26 00:53:29.965 [info] Discover tests for workspace name: programacion - uri: /root/proyecto-ps/programacion/contenedor/app/programacion/scripts/scripts.py
2024-06-26 00:53:39.752 [info] Discover tests for workspace name: programacion - uri: /root/proyecto-ps/programacion/contenedor/app/programacion/views.py
2024-06-26 00:54:00.792 [info] Discover tests for workspace name: programacion - uri: /root/proyecto-ps/programacion/contenedor/app/programacion/views.py
2024-06-26 00:54:19.150 [info] Discover tests for workspace name: programacion - uri: /root/proyecto-ps/programacion/contenedor/app/programacion/scripts/scripts.py
2024-06-26 00:54:48.848 [info] Discover tests for workspace name: programacion - uri: /root/proyecto-ps/programacion/contenedor/app/programacion/scripts/scripts.py
2024-06-26 00:54:55.987 [info] Discover tests for workspace name: programacion - uri: /root/proyecto-ps/programacion/contenedor/app/programacion/views.py
