2024-06-30 17:10:26.930 [info] Log level: Info
2024-06-30 17:10:26.930 [info] Validating found git in: "git"
2024-06-30 17:10:26.930 [info] Using git "2.30.2" from "git"
2024-06-30 17:10:26.930 [info] > git rev-parse --show-toplevel [38ms]
2024-06-30 17:10:26.930 [info] fatal: not a git repository (or any of the parent directories): .git
2024-06-30 17:10:26.930 [info] > git rev-parse --show-toplevel [11ms]
2024-06-30 17:10:26.930 [info] fatal: not a git repository (or any of the parent directories): .git
2024-06-30 17:10:26.930 [info] > git rev-parse --show-toplevel [13ms]
2024-06-30 17:10:26.930 [info] fatal: not a git repository (or any of the parent directories): .git
2024-06-30 17:10:26.930 [info] > git rev-parse --show-toplevel [31ms]
2024-06-30 17:10:26.930 [info] fatal: not a git repository (or any of the parent directories): .git
2024-06-30 17:10:26.930 [info] > git rev-parse --show-toplevel [10ms]
2024-06-30 17:10:26.930 [info] fatal: not a git repository (or any of the parent directories): .git
2024-06-30 17:10:26.930 [info] > git rev-parse --show-toplevel [17ms]
2024-06-30 17:10:26.930 [info] fatal: not a git repository (or any of the parent directories): .git
2024-06-30 17:10:26.933 [info] > git rev-parse --show-toplevel [18ms]
2024-06-30 17:10:26.933 [info] fatal: not a git repository (or any of the parent directories): .git
2024-06-30 17:10:26.977 [info] > git rev-parse --show-toplevel [33ms]
2024-06-30 17:10:26.977 [info] fatal: not a git repository (or any of the parent directories): .git
2024-06-30 17:10:27.010 [info] > git rev-parse --show-toplevel [22ms]
2024-06-30 17:10:27.010 [info] fatal: not a git repository (or any of the parent directories): .git
2024-06-30 17:10:29.257 [info] > git rev-parse --show-toplevel [12ms]
2024-06-30 17:10:29.257 [info] fatal: not a git repository (or any of the parent directories): .git
2024-06-30 17:10:30.133 [info] > git rev-parse --show-toplevel [12ms]
2024-06-30 17:10:30.133 [info] fatal: not a git repository (or any of the parent directories): .git
2024-06-30 17:10:33.362 [info] > git rev-parse --show-toplevel [78ms]
2024-06-30 17:10:33.362 [info] fatal: not a git repository (or any of the parent directories): .git
2024-06-30 17:10:33.932 [info] > git rev-parse --show-toplevel [6ms]
2024-06-30 17:10:33.932 [info] fatal: not a git repository (or any of the parent directories): .git
2024-06-30 17:10:35.328 [info] > git rev-parse --show-toplevel [12ms]
2024-06-30 17:10:35.328 [info] fatal: not a git repository (or any of the parent directories): .git
2024-06-30 17:22:25.246 [info] > git rev-parse --show-toplevel [22ms]
2024-06-30 17:22:25.246 [info] fatal: not a git repository (or any of the parent directories): .git
2024-06-30 17:22:44.520 [info] > git rev-parse --show-toplevel [6ms]
2024-06-30 17:22:44.526 [info] fatal: not a git repository (or any of the parent directories): .git
2024-06-30 17:23:01.485 [info] > git rev-parse --show-toplevel [31ms]
2024-06-30 17:23:01.485 [info] fatal: not a git repository (or any of the parent directories): .git
2024-06-30 17:24:06.873 [info] > git rev-parse --show-toplevel [23ms]
2024-06-30 17:24:06.873 [info] fatal: not a git repository (or any of the parent directories): .git
2024-06-30 18:11:36.686 [info] > git rev-parse --show-toplevel [5ms]
2024-06-30 18:11:36.686 [info] fatal: not a git repository (or any of the parent directories): .git
