2024-06-30 01:14:12.365 [info] Log level: Info
2024-06-30 01:14:12.365 [info] Validating found git in: "git"
2024-06-30 01:14:12.366 [info] Using git "2.30.2" from "git"
2024-06-30 01:14:12.366 [info] > git rev-parse --show-toplevel [137ms]
2024-06-30 01:14:12.366 [info] fatal: not a git repository (or any of the parent directories): .git
2024-06-30 01:14:12.366 [info] > git rev-parse --show-toplevel [28ms]
2024-06-30 01:14:12.366 [info] fatal: not a git repository (or any of the parent directories): .git
2024-06-30 01:14:12.374 [info] > git rev-parse --show-toplevel [19ms]
2024-06-30 01:14:12.374 [info] fatal: not a git repository (or any of the parent directories): .git
2024-06-30 01:14:12.423 [info] > git rev-parse --show-toplevel [16ms]
2024-06-30 01:14:12.423 [info] fatal: not a git repository (or any of the parent directories): .git
2024-06-30 01:14:12.464 [info] > git rev-parse --show-toplevel [17ms]
2024-06-30 01:14:12.464 [info] fatal: not a git repository (or any of the parent directories): .git
2024-06-30 01:14:12.515 [info] > git rev-parse --show-toplevel [20ms]
2024-06-30 01:14:12.515 [info] fatal: not a git repository (or any of the parent directories): .git
2024-06-30 01:14:12.560 [info] > git rev-parse --show-toplevel [32ms]
2024-06-30 01:14:12.560 [info] fatal: not a git repository (or any of the parent directories): .git
2024-06-30 01:14:12.582 [info] > git rev-parse --show-toplevel [8ms]
2024-06-30 01:14:12.582 [info] fatal: not a git repository (or any of the parent directories): .git
2024-06-30 01:14:12.600 [info] > git rev-parse --show-toplevel [7ms]
2024-06-30 01:14:12.600 [info] fatal: not a git repository (or any of the parent directories): .git
2024-06-30 01:14:13.046 [info] > git rev-parse --show-toplevel [30ms]
2024-06-30 01:14:13.046 [info] fatal: not a git repository (or any of the parent directories): .git
2024-06-30 01:14:44.611 [info] > git rev-parse --show-toplevel [17ms]
2024-06-30 01:14:44.613 [info] fatal: not a git repository (or any of the parent directories): .git
2024-06-30 01:16:38.503 [info] > git rev-parse --show-toplevel [35ms]
2024-06-30 01:16:38.503 [info] fatal: not a git repository (or any of the parent directories): .git
2024-06-30 01:17:36.998 [info] > git rev-parse --show-toplevel [7ms]
2024-06-30 01:17:36.998 [info] fatal: not a git repository (or any of the parent directories): .git
2024-06-30 01:18:39.855 [info] > git rev-parse --show-toplevel [12ms]
2024-06-30 01:18:39.856 [info] fatal: not a git repository (or any of the parent directories): .git
2024-06-30 01:19:02.688 [info] > git rev-parse --show-toplevel [13ms]
2024-06-30 01:19:02.688 [info] fatal: not a git repository (or any of the parent directories): .git
2024-06-30 01:29:35.977 [info] > git rev-parse --show-toplevel [13ms]
2024-06-30 01:29:35.977 [info] fatal: not a git repository (or any of the parent directories): .git
2024-06-30 01:32:38.438 [info] > git rev-parse --show-toplevel [6ms]
2024-06-30 01:32:38.439 [info] fatal: not a git repository (or any of the parent directories): .git
2024-06-30 01:37:39.183 [info] > git rev-parse --show-toplevel [6ms]
2024-06-30 01:37:39.183 [info] fatal: not a git repository (or any of the parent directories): .git
2024-06-30 01:38:48.397 [info] > git rev-parse --show-toplevel [15ms]
2024-06-30 01:38:48.398 [info] fatal: not a git repository (or any of the parent directories): .git
2024-06-30 01:41:07.014 [info] > git rev-parse --show-toplevel [6ms]
2024-06-30 01:41:07.015 [info] fatal: not a git repository (or any of the parent directories): .git
2024-06-30 01:42:03.922 [info] > git rev-parse --show-toplevel [11ms]
2024-06-30 01:42:03.922 [info] fatal: not a git repository (or any of the parent directories): .git
2024-06-30 01:42:11.100 [info] > git rev-parse --show-toplevel [8ms]
2024-06-30 01:42:11.100 [info] fatal: not a git repository (or any of the parent directories): .git
2024-06-30 01:49:19.784 [info] > git rev-parse --show-toplevel [17ms]
2024-06-30 01:49:19.784 [info] fatal: not a git repository (or any of the parent directories): .git
2024-06-30 01:50:29.020 [info] > git rev-parse --show-toplevel [13ms]
2024-06-30 01:50:29.021 [info] fatal: not a git repository (or any of the parent directories): .git
2024-06-30 01:56:52.925 [info] > git rev-parse --show-toplevel [6ms]
2024-06-30 01:56:52.925 [info] fatal: not a git repository (or any of the parent directories): .git
2024-06-30 01:58:08.357 [info] > git rev-parse --show-toplevel [8ms]
2024-06-30 01:58:08.358 [info] fatal: not a git repository (or any of the parent directories): .git
2024-06-30 02:00:26.197 [info] > git rev-parse --show-toplevel [12ms]
2024-06-30 02:00:26.197 [info] fatal: not a git repository (or any of the parent directories): .git
2024-06-30 02:04:32.823 [info] > git rev-parse --show-toplevel [6ms]
2024-06-30 02:04:32.824 [info] fatal: not a git repository (or any of the parent directories): .git
2024-06-30 02:05:10.000 [info] > git rev-parse --show-toplevel [16ms]
2024-06-30 02:05:10.000 [info] fatal: not a git repository (or any of the parent directories): .git
2024-06-30 02:05:20.292 [info] > git rev-parse --show-toplevel [3ms]
2024-06-30 02:05:20.292 [info] fatal: not a git repository (or any of the parent directories): .git
2024-06-30 02:20:44.478 [info] > git rev-parse --show-toplevel [5ms]
2024-06-30 02:20:44.479 [info] fatal: not a git repository (or any of the parent directories): .git
2024-06-30 02:23:17.188 [info] > git rev-parse --show-toplevel [4ms]
2024-06-30 02:23:17.189 [info] fatal: not a git repository (or any of the parent directories): .git
2024-06-30 02:25:53.969 [info] > git rev-parse --show-toplevel [4ms]
2024-06-30 02:25:53.971 [info] fatal: not a git repository (or any of the parent directories): .git
2024-06-30 02:31:58.445 [info] > git rev-parse --show-toplevel [6ms]
2024-06-30 02:31:58.445 [info] fatal: not a git repository (or any of the parent directories): .git
2024-06-30 02:32:56.788 [info] > git rev-parse --show-toplevel [7ms]
2024-06-30 02:32:56.788 [info] fatal: not a git repository (or any of the parent directories): .git
2024-06-30 02:36:04.100 [info] > git rev-parse --show-toplevel [6ms]
2024-06-30 02:36:04.100 [info] fatal: not a git repository (or any of the parent directories): .git
2024-06-30 02:36:54.064 [info] > git rev-parse --show-toplevel [3ms]
2024-06-30 02:36:54.064 [info] fatal: not a git repository (or any of the parent directories): .git
2024-06-30 03:03:36.299 [info] > git rev-parse --show-toplevel [6ms]
2024-06-30 03:03:36.299 [info] fatal: not a git repository (or any of the parent directories): .git
2024-06-30 03:05:59.489 [info] > git rev-parse --show-toplevel [2ms]
2024-06-30 03:05:59.490 [info] fatal: not a git repository (or any of the parent directories): .git
2024-06-30 03:06:53.721 [info] > git rev-parse --show-toplevel [3ms]
2024-06-30 03:06:53.721 [info] fatal: not a git repository (or any of the parent directories): .git
2024-06-30 03:07:42.338 [info] > git rev-parse --show-toplevel [4ms]
2024-06-30 03:07:42.338 [info] fatal: not a git repository (or any of the parent directories): .git
2024-06-30 03:07:43.089 [info] > git rev-parse --show-toplevel [2ms]
2024-06-30 03:07:43.089 [info] fatal: not a git repository (or any of the parent directories): .git
2024-06-30 03:08:06.381 [info] > git rev-parse --show-toplevel [4ms]
2024-06-30 03:08:06.381 [info] fatal: not a git repository (or any of the parent directories): .git
2024-06-30 03:09:08.500 [info] > git rev-parse --show-toplevel [2ms]
2024-06-30 03:09:08.500 [info] fatal: not a git repository (or any of the parent directories): .git
2024-06-30 03:10:12.368 [info] > git rev-parse --show-toplevel [6ms]
2024-06-30 03:10:12.369 [info] fatal: not a git repository (or any of the parent directories): .git
2024-06-30 03:11:21.028 [info] > git rev-parse --show-toplevel [4ms]
2024-06-30 03:11:21.028 [info] fatal: not a git repository (or any of the parent directories): .git
2024-06-30 03:11:39.617 [info] > git rev-parse --show-toplevel [8ms]
2024-06-30 03:11:39.617 [info] fatal: not a git repository (or any of the parent directories): .git
2024-06-30 03:12:06.256 [info] > git rev-parse --show-toplevel [9ms]
2024-06-30 03:12:06.256 [info] fatal: not a git repository (or any of the parent directories): .git
2024-06-30 03:15:52.630 [info] > git rev-parse --show-toplevel [5ms]
2024-06-30 03:15:52.630 [info] fatal: not a git repository (or any of the parent directories): .git
2024-06-30 03:16:01.667 [info] > git rev-parse --show-toplevel [4ms]
2024-06-30 03:16:01.667 [info] fatal: not a git repository (or any of the parent directories): .git
